ADD,                               1,07/17/2022,22:12:26,22:14:08,     102,       0,       0,       0,      16,       3,       0,       0,       0
ADD,                               1,07/17/2022,22:14:58,22:15:29,      31,       0,       0,       0,       5,       0,       0,       0,       0
ADD,                               1,07/17/2022,22:16:29,22:19:42,     193,       0,       0,       0,      34,       7,       0,       0,       0
ADD,                               0,07/17/2022,22:21:06,22:21:29,      23,       0,       0,       0,      10,       0,       0,       0,       0
ADD,                               1,07/17/2022,22:41:41,22:46:27,     286,       0,       1,       6,      58,       8,       0,       0,       0
ADD,                 <No ID Entered>,07/18/2022,10:38:47,10:41:49,     182,       0,       1,       4,      63,       4,       0,       0,       0
ADD,                 <No ID Entered>,07/18/2022,11:03:56,11:05:31,      95,       0,       1,       4,      30,       1,       0,       0,       0
ADD,                 <No ID Entered>,07/18/2022,11:10:16,11:10:16,       0,       0,       0,       0,       1,       0,       0,       0,       0
ADD,                 <No ID Entered>,07/18/2022,11:12:21,11:12:51,      30,       0,       0,       0,      14,       0,       0,       0,       0
ADD,                 <No ID Entered>,07/18/2022,11:18:02,11:22:34,     272,       0,       1,       5,      97,       0,       0,       0,       0
ADD,                 <No ID Entered>,08/30/2022,01:29:34,01:30:39,      65,       0,       0,       0,      16,       0,       0,       0,       0
ADD,                 <No ID Entered>,08/30/2022,01:31:08,01:31:24,      16,       0,       0,       0,       7,       0,       0,       0,       0
ADD,                 <No ID Entered>,08/30/2022,01:33:42,01:34:33,      51,       0,       0,       0,      18,       0,       0,       0,       0
ADD,                 <No ID Entered>,09/10/2022,20:54:43,21:01:04,     381,       0,       0,       0,      18,       0,       0,       0,       0
ADD,                 <No ID Entered>,09/10/2022,21:01:27,21:01:38,      11,       0,       0,       0,       6,       0,       0,       0,       0
ADD,                 <No ID Entered>,09/10/2022,21:04:54,21:05:23,      29,       0,       0,       0,      11,       0,       0,       0,       0
ADD,                 <No ID Entered>,09/10/2022,21:07:25,21:07:35,      10,       0,       0,       0,       7,       0,       0,       0,       0
ADD,                 <No ID Entered>,09/12/2022,09:18:25,09:20:33,     128,       0,       1,       4,      82,       1,       0,       0,       0
ADD,                 <No ID Entered>,09/12/2022,10:45:29,10:50:26,     297,       0,       1,       4,      46,       1,       0,       0,       0
ADD,                 <No ID Entered>,09/12/2022,17:38:39,17:42:07,     208,       0,       1,       4,      50,       0,       0,       0,       0
ADD,                 <No ID Entered>,09/14/2022,02:01:15,02:02:28,      73,       0,       0,       0,       8,       0,       0,       0,       0
ADD,                 <No ID Entered>,09/14/2022,02:04:08,02:09:13,     305,       0,       1,       4,      50,       1,       0,       0,       0
ADD,                 <No ID Entered>,09/14/2022,02:13:51,02:16:24,     153,       0,       0,       0,      42,       0,       0,       0,       0
ADD,                 <No ID Entered>,09/14/2022,03:06:29,03:11:22,     293,       0,       0,       0,      53,       1,       0,       0,       0
ADD,                 <No ID Entered>,09/14/2022,14:21:01,14:24:28,     207,       0,       0,       0,      37,       3,       0,       0,       0
ADD,                 <No ID Entered>,09/14/2022,14:24:50,14:26:57,     127,       0,       0,       0,      37,       2,       0,       0,       0
ADD,                 <No ID Entered>,09/14/2022,14:27:22,14:28:57,      95,       0,       0,       0,      39,       1,       0,       0,       0
ADD,                 <No ID Entered>,09/14/2022,14:41:46,14:44:38,     172,       0,       0,       0,      12,       0,       0,       0,       0
ADD,                 <No ID Entered>,09/14/2022,14:45:01,14:49:15,     254,       0,       0,       0,      10,       0,       0,       0,       0
ADD,                 <No ID Entered>,09/14/2022,14:59:50,15:02:02,     132,       0,       0,       0,       7,       0,       0,       0,       0
ADD,                 <No ID Entered>,09/14/2022,15:03:33,15:03:54,      21,       0,       0,       0,      10,       0,       0,       0,       0
ADD,                 <No ID Entered>,09/14/2022,15:08:02,15:10:59,     177,       0,       0,       0,       8,       0,       0,       0,       0
ADD,                 <No ID Entered>,09/14/2022,15:11:28,15:11:36,       8,       0,       0,       0,       4,       0,       0,       0,       0
ADD,                 <No ID Entered>,09/14/2022,15:11:55,15:12:06,      11,       0,       0,       0,       4,       0,       0,       0,       0
ADD,                 <No ID Entered>,09/14/2022,15:14:23,15:16:13,     110,       0,       0,       0,       4,       0,       0,       0,       0
ADD,                 <No ID Entered>,09/14/2022,15:20:19,15:20:37,      18,       0,       0,       0,      11,       0,       0,       0,       0
ADD,                 <No ID Entered>,09/14/2022,15:21:34,15:21:55,      21,       0,       0,       0,      10,       0,       0,       0,       0
ADD,                 <No ID Entered>,09/14/2022,15:25:26,15:25:50,      24,       0,       0,       0,      12,       0,       0,       0,       0
ADD,                 <No ID Entered>,09/14/2022,15:28:08,15:28:27,      19,       0,       0,       0,      13,       0,       0,       0,       0
ADD,                 <No ID Entered>,09/14/2022,15:31:09,15:31:20,      11,       0,       0,       0,       4,       0,       0,       0,       0
ADD,                 <No ID Entered>,09/14/2022,15:47:09,15:47:20,      11,       0,       0,       0,       8,       0,       0,       0,       0
ADD,                 <No ID Entered>,09/14/2022,15:48:20,15:48:29,       9,       0,       0,       0,       4,       0,       0,       0,       0
ADD,                 <No ID Entered>,09/14/2022,15:49:56,15:50:22,      26,       0,       0,       0,      15,       0,       0,       0,       0
ADD,                 <No ID Entered>,09/14/2022,23:53:58,23:55:24,      86,       0,       0,       0,      21,       0,       0,       0,       0
ADD,                 <No ID Entered>,09/14/2022,23:58:38,23:59:46,      68,       0,       1,       4,      22,       0,       0,       0,       0
ADD,                 <No ID Entered>,09/15/2022,14:06:52,14:57:25,    3033,       0,       0,       0,      21,       1,       0,       0,       0
ADD,                 <No ID Entered>,09/29/2022,13:50:30,13:52:14,     104,       0,       0,       0,      28,       0,       0,       0,       0
ADD,                 <No ID Entered>,09/29/2022,13:55:26,13:55:53,      27,       0,       0,       0,      17,       0,       0,       0,       0
ADD,                 <No ID Entered>,09/29/2022,14:22:19,14:22:50,      31,       0,       0,       0,      14,       0,       0,       0,       0
ADD,                 <No ID Entered>,09/29/2022,14:23:09,14:25:02,     113,       0,       0,       0,      27,       0,       0,       0,       0
ADD,                 <No ID Entered>,09/29/2022,14:25:28,14:26:05,      37,       0,       0,       0,      23,       0,       0,       0,       0
ADD,                 <No ID Entered>,09/29/2022,14:26:56,14:28:08,      72,       0,       0,       0,      28,       0,       0,       0,       0
ADD,                 <No ID Entered>,09/29/2022,14:29:21,14:30:49,      88,       0,       0,       0,      35,       0,       0,       0,       0
ADD,                 <No ID Entered>,09/29/2022,14:31:24,14:33:58,     154,       0,       0,       0,      24,       0,       0,       0,       0
ADD,                 <No ID Entered>,09/29/2022,14:35:00,14:37:08,     128,       0,       0,       0,      17,       0,       0,       0,       0
ADD,                 <No ID Entered>,09/29/2022,14:37:29,14:39:12,     103,       0,       0,       0,      19,       0,       0,       0,       0
ADD,                 <No ID Entered>,09/29/2022,14:40:28,14:41:02,      34,       0,       0,       0,      17,       0,       0,       0,       0
ADD,                 <No ID Entered>,09/29/2022,14:43:04,14:43:50,      46,       0,       0,       0,      32,       0,       0,       0,       0
ADD,                 <No ID Entered>,09/29/2022,14:46:02,14:46:42,      40,       0,       1,       4,      36,       0,       0,       0,       0
ADD,                 <No ID Entered>,09/30/2022,11:01:05,11:02:03,      58,       0,       0,       0,      11,       0,       0,       0,       0
ADD,                 <No ID Entered>,09/30/2022,11:08:58,11:09:14,      16,       0,       0,       0,      15,       0,       0,       0,       0
ADD,                 <No ID Entered>,09/30/2022,11:16:35,11:17:24,      49,       0,       0,       0,       5,       0,       0,       0,       0
ADD,                 <No ID Entered>,10/02/2022,18:34:22,18:35:20,      58,       0,       1,       4,      34,       0,       0,       0,       0
ADD,                 <No ID Entered>,10/02/2022,18:51:38,18:52:10,      32,       0,       0,       0,       9,       0,       0,       0,       0
ADD,                 <No ID Entered>,10/03/2022,09:28:33,09:29:28,      55,       0,       0,       0,      60,       1,       0,       0,       0
ADD,                 <No ID Entered>,10/03/2022,09:29:51,09:30:43,      52,       0,       0,       0,      67,       0,       0,       0,       0
ADD,                 <No ID Entered>,10/03/2022,09:41:05,09:41:50,      45,       0,       0,       0,      70,       1,       0,       0,       0
ADD,                 <No ID Entered>,10/03/2022,09:42:26,09:43:08,      42,       0,       0,       0,      66,       1,       0,       0,       0
ADD,                 <No ID Entered>,10/03/2022,10:06:48,10:07:24,      36,       0,       0,       0,      57,       1,       0,       0,       0
ADD,                 <No ID Entered>,10/03/2022,10:11:08,10:12:55,     107,       0,       0,       0,     109,       0,       0,       0,       0
ADD,                 <No ID Entered>,10/03/2022,10:14:01,10:15:24,      83,       0,       0,       0,     128,       0,       0,       0,       0
ADD,                 <No ID Entered>,10/03/2022,15:28:46,15:30:41,     115,       0,       0,       0,      45,       0,       0,       0,       0
ADD,                 <No ID Entered>,10/03/2022,15:31:05,15:32:05,      60,       0,       0,       0,      60,       0,       0,       0,       0
ADD,                 <No ID Entered>,10/03/2022,15:37:26,15:38:12,      46,       0,       0,       0,      39,       0,       0,       0,       0
ADD,                 <No ID Entered>,10/03/2022,15:39:14,15:40:31,      77,       0,       0,       0,      41,       0,       0,       0,       0
ADD,                 <No ID Entered>,10/03/2022,15:41:04,15:41:35,      31,       0,       0,       0,      38,       0,       0,       0,       0
ADD,                 <No ID Entered>,10/03/2022,15:46:15,15:49:18,     183,       0,       0,       0,     125,       1,       0,       0,       0
ADD,                 <No ID Entered>,10/03/2022,15:49:44,15:51:24,     100,       0,       0,       0,      64,       2,       0,       0,       0
ADD,                 <No ID Entered>,10/03/2022,22:34:37,22:40:13,     336,       0,       0,       0,      70,       0,       0,       0,       0
ADD,                 <No ID Entered>,10/03/2022,22:42:16,22:43:41,      85,       0,       0,       0,      45,       1,       0,       0,       0
ADD,                 <No ID Entered>,10/03/2022,22:44:27,22:47:42,     195,       0,       0,       0,      59,       1,       0,       0,       0
ADD,                 <No ID Entered>,10/03/2022,22:48:03,22:48:44,      41,       0,       0,       0,      48,       1,       0,       0,       0
ADD,                 <No ID Entered>,10/03/2022,22:51:03,22:52:33,      90,       0,       0,       0,      68,       1,       0,       0,       0
ADD,                 <No ID Entered>,10/03/2022,22:59:23,23:00:03,      40,       0,       0,       0,      43,       0,       0,       0,       0
ADD,                 <No ID Entered>,10/03/2022,23:13:54,23:14:49,      55,       0,       0,       0,      42,       1,       0,       0,       0
ADD,                 <No ID Entered>,10/03/2022,23:21:04,23:24:13,     189,       0,       0,       0,      82,       1,       0,       0,       0
ADD,                 <No ID Entered>,10/03/2022,23:34:49,23:39:47,     298,       0,       0,       0,      98,       0,       0,       0,       0
ADD,                 <No ID Entered>,10/03/2022,23:41:12,23:45:36,     264,       0,       0,       0,      39,       1,       0,       0,       0
ADD,                 <No ID Entered>,10/03/2022,23:54:35,23:55:26,      51,       0,       0,       0,      35,       0,       0,       0,       0
ADD,                 <No ID Entered>,10/03/2022,23:56:01,23:56:39,      38,       0,       0,       0,      39,       0,       0,       0,       0
ADD,                 <No ID Entered>,10/03/2022,23:58:51,00:00:39,     108,       0,       0,       0,      37,       0,       0,       0,       0
ADD,                 <No ID Entered>,10/04/2022,00:01:08,00:01:53,      45,       0,       0,       0,      36,       0,       0,       0,       0
ADD,                 <No ID Entered>,10/04/2022,00:02:12,00:03:24,      72,       0,       0,       0,      40,       0,       0,       0,       0
ADD,                 <No ID Entered>,10/04/2022,00:27:54,00:31:41,     227,       0,       0,       0,      68,       1,       0,       0,       0
ADD,                 <No ID Entered>,10/04/2022,00:54:28,00:58:27,     239,       0,       0,       0,      91,       0,       0,       0,       0
ADD,                 <No ID Entered>,10/04/2022,01:39:48,01:54:29,     881,       0,       0,       0,     180,       0,       0,       0,       0
ADD,                 <No ID Entered>,10/04/2022,06:20:05,06:24:57,     292,       0,       0,       0,     143,       0,       0,       0,       0
ADD,                 <No ID Entered>,10/04/2022,07:43:36,07:46:57,     201,       0,       0,       0,     120,       0,       0,       0,       0
ADD,                 <No ID Entered>,10/04/2022,07:48:00,07:49:21,      81,       0,       0,       0,      64,       0,       0,       0,       0
ADD,                 <No ID Entered>,10/04/2022,16:21:03,16:21:36,      33,       0,       0,       0,       8,       2,       0,       0,       0
ADD,                 <No ID Entered>,10/06/2022,10:50:16,10:51:44,      88,       0,       0,       0,      40,       0,       0,       0,       0
ADD,                 <No ID Entered>,10/06/2022,10:53:43,11:13:09,    1166,       0,       0,       0,     154,       0,       0,       0,       0
ADD,                 <No ID Entered>,10/06/2022,11:45:12,12:17:30,    1938,       0,       0,       0,     218,       0,       0,       0,       0
ADD,                 <No ID Entered>,10/06/2022,12:20:55,12:24:04,     189,       0,       0,       0,      42,       0,       0,       0,       0
ADD,                 <No ID Entered>,10/06/2022,12:56:30,13:05:08,     518,       0,       0,       0,      55,       0,       0,       0,       0
ADD,                 <No ID Entered>,10/06/2022,13:08:22,13:14:24,     362,       0,       0,       0,     100,       0,       0,       0,       0
ADD,                 <No ID Entered>,10/06/2022,13:16:56,13:18:35,      99,       0,       0,       0,      55,       1,       0,       0,       0
ADD,                 <No ID Entered>,10/06/2022,14:01:12,14:04:50,     218,       0,       0,       0,      74,       0,       0,       0,       0
ADD,                 <No ID Entered>,10/06/2022,20:07:11,20:14:06,     415,       0,       0,       0,     161,       0,       0,       0,       0
ADD,                 <No ID Entered>,10/06/2022,23:17:46,23:18:09,      23,       0,       1,       4,      23,       0,       0,       0,       0
ADD,                 <No ID Entered>,10/08/2022,11:16:28,11:20:30,     242,       0,       1,       5,      99,       2,       0,       0,       0
MOD,                 <No ID Entered>,10/08/2022,11:55:46,11:56:54,      68,       0,       0,       0,      53,       0,       0,       0,       0
MOD,                 <No ID Entered>,10/08/2022,11:57:48,11:59:21,      93,       0,       0,       0,      65,       0,       0,       0,       0
MOD,                 <No ID Entered>,10/08/2022,13:11:24,13:11:52,      28,       0,       0,       0,      19,       0,       0,       0,       0
MOD,                 <No ID Entered>,10/08/2022,13:15:19,13:15:41,      22,       0,       0,       0,       4,       0,       0,       0,       0
MOD,                 <No ID Entered>,10/08/2022,13:18:43,13:19:05,      22,       0,       0,       0,      10,       0,       0,       0,       0
MOD,                 <No ID Entered>,10/08/2022,13:19:14,13:19:32,      18,       0,       0,       0,      18,       0,       0,       0,       0
MOD,                 <No ID Entered>,10/08/2022,13:21:40,13:21:56,      16,       0,       0,       0,       4,       0,       0,       0,       0
MOD,                 <No ID Entered>,10/08/2022,13:22:57,13:23:12,      15,       0,       0,       0,       6,       0,       0,       0,       0
MOD,                 <No ID Entered>,10/08/2022,13:23:56,13:24:14,      18,       0,       0,       0,       4,       0,       0,       0,       0
MOD,                 <No ID Entered>,10/08/2022,13:27:10,13:27:26,      16,       0,       0,       0,       5,       0,       0,       0,       0
MOD,                 <No ID Entered>,10/08/2022,13:48:07,13:48:27,      20,       0,       0,       0,       4,       0,       0,       0,       0
MOD,                 <No ID Entered>,10/08/2022,13:49:00,13:49:16,      16,       0,       0,       0,       5,       0,       0,       0,       0
MOD,                 <No ID Entered>,10/08/2022,13:54:22,13:54:41,      19,       0,       0,       0,       6,       0,       0,       0,       0
MOD,                 <No ID Entered>,10/08/2022,13:55:57,13:56:32,      35,       0,       0,       0,       6,       0,       0,       0,       0
MOD,                 <No ID Entered>,10/08/2022,13:56:58,13:57:10,      12,       0,       0,       0,       6,       0,       0,       0,       0
MOD,                 <No ID Entered>,10/08/2022,13:57:54,13:58:10,      16,       0,       0,       0,       6,       0,       0,       0,       0
ADD,                 <No ID Entered>,10/08/2022,13:58:38,14:01:02,     144,       0,       1,       4,      26,       0,       0,       0,       0
MOD,                 <No ID Entered>,10/08/2022,14:01:10,14:01:45,      35,       0,       0,       0,       5,       0,       0,       0,       0
MOD,                 <No ID Entered>,10/08/2022,14:02:48,14:02:54,       6,       0,       0,       0,       6,       0,       0,       0,       0
ADD,                 <No ID Entered>,10/08/2022,14:03:16,14:03:34,      18,       0,       0,       0,      15,       0,       0,       0,       0
ADD,                 <No ID Entered>,10/08/2022,14:05:29,14:06:00,      31,       0,       0,       0,      22,       0,       0,       0,       0
MOD,                 <No ID Entered>,10/08/2022,14:45:17,14:45:37,      20,       0,       0,       0,       5,       0,       0,       0,       0
MOD,                 <No ID Entered>,10/08/2022,14:46:32,14:46:51,      19,       0,       0,       0,       6,       0,       0,       0,       0
MOD,                 <No ID Entered>,10/08/2022,14:48:43,14:49:04,      21,       0,       0,       0,       5,       0,       0,       0,       0
MOD,                 <No ID Entered>,10/08/2022,14:50:53,14:51:22,      29,       0,       0,       0,       7,       0,       0,       0,       0
MOD,                 <No ID Entered>,10/08/2022,14:52:21,14:53:02,      41,       0,       0,       0,       5,       0,       0,       0,       0
MOD,                 <No ID Entered>,10/08/2022,14:55:40,14:56:10,      30,       0,       0,       0,       5,       0,       0,       0,       0
ADD,                 <No ID Entered>,10/08/2022,14:57:07,14:57:50,      43,       0,       0,       0,      14,       0,       0,       0,       0
MOD,                 <No ID Entered>,10/08/2022,15:06:37,15:07:00,      23,       0,       0,       0,       5,       0,       0,       0,       0
MOD,                 <No ID Entered>,10/08/2022,15:07:53,15:08:06,      13,       0,       0,       0,       4,       0,       0,       0,       0
MOD,                 <No ID Entered>,10/08/2022,15:09:11,15:09:29,      18,       0,       0,       0,       7,       0,       0,       0,       0
MOD,                 <No ID Entered>,10/08/2022,15:10:15,15:10:33,      18,       0,       0,       0,       5,       1,       0,       0,       0
MOD,                 <No ID Entered>,10/08/2022,15:11:22,15:11:36,      14,       0,       0,       0,       5,       1,       0,       0,       0
MOD,                 <No ID Entered>,10/08/2022,15:12:26,15:14:57,     151,       0,       0,       0,       4,       0,       0,       0,       0
MOD,                 <No ID Entered>,10/08/2022,15:20:20,15:20:23,       3,       0,       0,       0,       3,       0,       0,       0,       0
MOD,                 <No ID Entered>,10/08/2022,15:21:14,15:21:40,      26,       0,       0,       0,       4,       0,       0,       0,       0
MOD,                 <No ID Entered>,10/08/2022,15:21:59,15:22:34,      35,       0,       0,       0,       9,       0,       0,       0,       0
MOD,                 <No ID Entered>,10/08/2022,15:22:39,15:23:04,      25,       0,       0,       0,       4,       0,       0,       0,       0
MOD,                 <No ID Entered>,10/08/2022,15:23:59,15:24:16,      17,       0,       0,       0,       5,       0,       0,       0,       0
MOD,                 <No ID Entered>,10/08/2022,15:24:39,15:24:55,      16,       0,       0,       0,       5,       0,       0,       0,       0
MOD,                 <No ID Entered>,10/08/2022,15:25:01,15:25:19,      18,       0,       0,       0,       4,       0,       0,       0,       0
MOD,                 <No ID Entered>,10/08/2022,15:29:02,15:29:27,      25,       0,       0,       0,       4,       0,       0,       0,       0
MOD,                 <No ID Entered>,10/08/2022,15:30:06,15:30:28,      22,       0,       0,       0,       4,       0,       0,       0,       0
MOD,                 <No ID Entered>,10/08/2022,15:30:36,15:30:58,      22,       0,       0,       0,       4,       0,       0,       0,       0
MOD,                 <No ID Entered>,10/08/2022,15:31:40,15:31:58,      18,       0,       0,       0,       4,       0,       0,       0,       0
ADD,                 <No ID Entered>,10/08/2022,15:32:18,15:32:49,      31,       0,       1,       4,      13,       0,       0,       0,       0
MOD,                 <No ID Entered>,10/08/2022,15:32:55,15:33:29,      34,       0,       0,       0,       4,       0,       0,       0,       0
MOD,                 <No ID Entered>,10/08/2022,15:34:22,15:34:42,      20,       0,       0,       0,       5,       0,       0,       0,       0
MOD,                 <No ID Entered>,10/08/2022,15:35:41,15:36:02,      21,       0,       0,       0,       4,       0,       0,       0,       0
MOD,                 <No ID Entered>,10/08/2022,15:42:00,15:42:11,      11,       0,       0,       0,       4,       0,       0,       0,       0
ADD,                 <No ID Entered>,10/08/2022,15:43:26,15:43:43,      17,       0,       0,       0,       9,       1,       0,       0,       0
ADD,                 <No ID Entered>,10/08/2022,15:44:05,15:44:35,      30,       0,       1,       4,      31,       0,       0,       0,       0
MOD,                 <No ID Entered>,10/08/2022,15:44:42,15:45:07,      25,       0,       0,       0,       8,       0,       0,       0,       0
MOD,                 <No ID Entered>,10/08/2022,15:47:13,15:47:29,      16,       0,       0,       0,       6,       0,       0,       0,       0
ADD,                 <No ID Entered>,10/08/2022,15:47:32,15:48:44,      72,       0,       0,       0,      33,       1,       0,       0,       0
MOD,                 <No ID Entered>,10/08/2022,15:48:49,15:49:11,      22,       0,       0,       0,       9,       0,       0,       0,       0
MOD,                 <No ID Entered>,10/08/2022,16:05:14,16:05:35,      21,       0,       0,       0,       7,       0,       0,       0,       0
MOD,                 <No ID Entered>,10/08/2022,16:09:07,16:09:23,      16,       0,       0,       0,       9,       0,       0,       0,       0
ADD,                 <No ID Entered>,10/08/2022,16:09:50,16:10:13,      23,       0,       1,       4,      23,       0,       0,       0,       0
MOD,                 <No ID Entered>,10/08/2022,16:10:35,16:10:49,      14,       0,       0,       0,       4,       0,       0,       0,       0
ADD,                 <No ID Entered>,10/08/2022,16:20:50,16:21:13,      23,       0,       1,       4,      25,       0,       0,       0,       0
MOD,                 <No ID Entered>,10/08/2022,16:21:37,16:21:52,      15,       0,       0,       0,       9,       0,       0,       0,       0
MOD,                 <No ID Entered>,10/08/2022,16:25:16,16:25:34,      18,       0,       0,       0,       5,       0,       0,       0,       0
MOD,                 <No ID Entered>,10/08/2022,16:27:12,16:27:34,      22,       0,       0,       0,       6,       0,       0,       0,       0
MOD,                 <No ID Entered>,10/08/2022,16:27:59,16:28:27,      28,       0,       0,       0,      21,       1,       0,       0,       0
MOD,                 <No ID Entered>,10/08/2022,16:28:32,16:28:47,      15,       0,       0,       0,       6,       1,       0,       0,       0
MOD,                 <No ID Entered>,10/08/2022,16:30:20,16:30:57,      37,       0,       0,       0,       6,       0,       0,       0,       0
MOD,                 <No ID Entered>,10/08/2022,16:31:21,16:31:38,      17,       0,       0,       0,       4,       1,       0,       0,       0
MOD,                 <No ID Entered>,10/08/2022,16:34:51,16:35:34,      43,       0,       0,       0,      13,       1,       0,       0,       0
MOD,                 <No ID Entered>,10/08/2022,16:37:38,16:38:00,      22,       0,       0,       0,      23,       0,       0,       0,       0
MOD,                 <No ID Entered>,10/08/2022,16:38:07,16:38:22,      15,       0,       0,       0,       4,       1,       0,       0,       0
MOD,                 <No ID Entered>,10/08/2022,16:39:17,16:41:40,     143,       0,       0,       0,       9,       1,       0,       0,       0
MOD,                 <No ID Entered>,10/08/2022,16:43:06,16:43:18,      12,       0,       0,       0,       9,       0,       0,       0,       0
MOD,                 <No ID Entered>,10/08/2022,16:44:45,16:45:01,      16,       0,       0,       0,       9,       0,       0,       0,       0
MOD,                 <No ID Entered>,10/08/2022,16:45:33,16:45:44,      11,       0,       0,       0,       9,       0,       0,       0,       0
MOD,                 <No ID Entered>,10/08/2022,16:46:53,16:47:14,      21,       0,       0,       0,      11,       1,       0,       0,       0
MOD,                 <No ID Entered>,10/08/2022,16:48:01,16:48:15,      14,       0,       0,       0,       5,       1,       0,       0,       0
MOD,                 <No ID Entered>,10/08/2022,16:49:06,16:49:14,       8,       0,       0,       0,       4,       1,       0,       0,       0
MOD,                 <No ID Entered>,10/08/2022,16:56:11,16:56:29,      18,       0,       0,       0,       6,       2,       0,       0,       0
MOD,                 <No ID Entered>,10/08/2022,16:56:45,16:57:02,      17,       0,       0,       0,      12,       0,       0,       0,       0
MOD,                 <No ID Entered>,10/08/2022,16:58:16,16:58:38,      22,       0,       0,       0,      10,       0,       0,       0,       0
MOD,                 <No ID Entered>,10/08/2022,16:59:29,16:59:51,      22,       0,       0,       0,       8,       0,       0,       0,       0
MOD,                 <No ID Entered>,10/08/2022,17:01:29,17:01:44,      15,       0,       0,       0,       4,       1,       0,       0,       0
MOD,                 <No ID Entered>,10/08/2022,17:04:43,17:05:09,      26,       0,       0,       0,       7,       2,       0,       0,       0
MOD,                 <No ID Entered>,10/08/2022,17:05:33,17:06:10,      37,       0,       0,       0,      12,       1,       0,       0,       0
MOD,                 <No ID Entered>,10/08/2022,17:07:00,17:07:12,      12,       0,       0,       0,      13,       0,       0,       0,       0
MOD,                 <No ID Entered>,10/08/2022,17:07:32,17:07:51,      19,       0,       0,       0,       6,       0,       0,       0,       0
ADD,                 <No ID Entered>,10/08/2022,17:08:50,17:09:17,      27,       0,       1,       4,      31,       0,       0,       0,       0
MOD,                 <No ID Entered>,10/08/2022,17:09:29,17:09:44,      15,       0,       0,       0,       5,       0,       0,       0,       0
MOD,                 <No ID Entered>,10/08/2022,17:11:31,17:11:44,      13,       0,       0,       0,       5,       0,       0,       0,       0
MOD,                 <No ID Entered>,10/08/2022,17:34:44,17:35:03,      19,       0,       0,       0,       5,       0,       0,       0,       0
MOD,                 <No ID Entered>,10/08/2022,17:36:07,17:36:43,      36,       0,       0,       0,       5,       0,       0,       0,       0
MOD,                 <No ID Entered>,10/08/2022,17:41:12,17:41:29,      17,       0,       0,       0,      20,       0,       0,       0,       0
MOD,                 <No ID Entered>,10/08/2022,17:41:52,17:42:13,      21,       0,       0,       0,       5,       0,       0,       0,       0
MOD,                 <No ID Entered>,10/08/2022,17:43:26,17:43:40,      14,       0,       0,       0,      20,       0,       0,       0,       0
MOD,                 <No ID Entered>,10/08/2022,17:43:59,17:45:01,      62,       0,       0,       0,       5,       0,       0,       0,       0
MOD,                 <No ID Entered>,10/08/2022,17:50:21,17:50:47,      26,       0,       0,       0,       4,       0,       0,       0,       0
ADD,                 <No ID Entered>,10/08/2022,17:52:34,17:53:14,      40,       0,       0,       0,      14,       1,       0,       0,       0
MOD,                 <No ID Entered>,10/08/2022,17:53:34,17:53:53,      19,       0,       0,       0,       8,       0,       0,       0,       0
MOD,                 <No ID Entered>,10/08/2022,17:54:30,17:54:51,      21,       0,       0,       0,       6,       0,       0,       0,       0
ADD,                 <No ID Entered>,10/08/2022,17:54:55,17:55:41,      46,       0,       0,       0,      15,       0,       0,       0,       0
ADD,                 <No ID Entered>,10/08/2022,17:57:12,17:57:35,      23,       0,       0,       0,      18,       0,       0,       0,       0
MOD,                 <No ID Entered>,10/08/2022,20:54:16,20:54:48,      32,       0,       0,       0,       5,       0,       0,       0,       0
MOD,                 <No ID Entered>,10/08/2022,20:55:50,20:56:18,      28,       0,       0,       0,       9,       0,       0,       0,       0
MOD,                 <No ID Entered>,10/08/2022,20:57:04,20:57:48,      44,       0,       0,       0,      20,       0,       0,       0,       0
MOD,                 <No ID Entered>,10/08/2022,20:58:44,20:59:57,      73,       0,       0,       0,      11,       0,       0,       0,       0
MOD,                 <No ID Entered>,10/08/2022,21:24:03,21:27:27,     204,       0,       0,       0,      47,       1,       0,       0,       0
ADD,                 <No ID Entered>,10/08/2022,21:28:46,21:56:45,    1679,       0,       0,       0,      61,       0,       0,       0,       0
ADD,                 <No ID Entered>,10/08/2022,21:57:14,22:30:41,    2007,       0,       0,       0,      25,       0,       0,       0,       0
MOD,                 <No ID Entered>,10/09/2022,08:18:38,08:20:28,     110,       0,       0,       0,       5,       0,       0,       0,       0
MOD,                 <No ID Entered>,10/09/2022,08:27:12,08:27:31,      19,       0,       0,       0,       6,       0,       0,       0,       0
MOD,                 <No ID Entered>,10/09/2022,08:27:53,08:28:29,      36,       0,       0,       0,       6,       0,       0,       0,       0
MOD,                 <No ID Entered>,10/09/2022,08:28:35,08:29:16,      41,       0,       0,       0,      24,       0,       0,       0,       0
MOD,                 <No ID Entered>,10/09/2022,08:48:05,08:49:17,      72,       0,       0,       0,      17,       0,       0,       0,       0
MOD,                 <No ID Entered>,10/09/2022,08:50:00,08:51:21,      81,       0,       0,       0,      23,       0,       0,       0,       0
MOD,                 <No ID Entered>,10/09/2022,08:53:09,08:54:03,      54,       0,       0,       0,      15,       0,       0,       0,       0
ADD,                 <No ID Entered>,10/09/2022,10:19:42,10:20:04,      22,       0,       0,       0,      13,       0,       0,       0,       0
ADD,                 <No ID Entered>,10/09/2022,11:00:09,11:02:45,     156,       0,       0,       0,      16,       0,       0,       0,       0
ADD,                 <No ID Entered>,10/09/2022,11:06:14,11:06:55,      41,       0,       0,       0,      12,       0,       0,       0,       0
ADD,                 <No ID Entered>,10/09/2022,11:07:55,11:08:34,      39,       0,       0,       0,      20,       0,       0,       0,       0
ADD,                 <No ID Entered>,10/09/2022,11:09:15,11:09:30,      15,       0,       0,       0,      12,       0,       0,       0,       0
ADD,                 <No ID Entered>,10/09/2022,11:31:13,11:32:25,      72,       0,       0,       0,      17,       0,       0,       0,       0
ADD,                 <No ID Entered>,10/09/2022,11:33:20,11:33:41,      21,       0,       0,       0,      21,       0,       0,       0,       0
MOD,                 <No ID Entered>,10/09/2022,11:33:47,11:34:49,      62,       0,       0,       0,      27,       1,       0,       0,       0
MOD,                 <No ID Entered>,10/09/2022,11:35:09,11:35:23,      14,       0,       0,       0,       8,       0,       0,       0,       0
MOD,                 <No ID Entered>,10/09/2022,11:35:33,11:36:01,      28,       0,       0,       0,       9,       1,       0,       0,       0
MOD,                 <No ID Entered>,10/09/2022,11:39:07,11:39:36,      29,       0,       0,       0,       4,       0,       0,       0,       0
MOD,                 <No ID Entered>,10/09/2022,11:41:41,11:42:47,      66,       0,       0,       0,       4,       0,       0,       0,       0
MOD,                 <No ID Entered>,10/09/2022,11:43:08,11:43:24,      16,       0,       0,       0,       6,       0,       0,       0,       0
MOD,                 <No ID Entered>,10/09/2022,11:44:41,11:57:44,     783,       0,       0,       0,       4,       0,       0,       0,       0
MOD,                 <No ID Entered>,10/09/2022,12:05:28,12:06:01,      33,       0,       0,       0,       4,       0,       0,       0,       0
MOD,                 <No ID Entered>,10/09/2022,12:13:21,12:13:47,      26,       0,       0,       0,      18,       0,       0,       0,       0
MOD,                 <No ID Entered>,10/09/2022,12:14:12,12:14:37,      25,       0,       0,       0,       4,       0,       0,       0,       0
MOD,                 <No ID Entered>,10/09/2022,12:16:11,12:16:36,      25,       0,       0,       0,      22,       0,       0,       0,       0
MOD,                 <No ID Entered>,10/09/2022,12:17:26,12:17:28,       2,       0,       0,       0,       1,       0,       0,       0,       0
MOD,                 <No ID Entered>,10/09/2022,12:17:35,12:17:51,      16,       0,       0,       0,       5,       0,       0,       0,       0
MOD,                 <No ID Entered>,10/09/2022,12:18:34,12:19:12,      38,       0,       0,       0,       5,       0,       0,       0,       0
MOD,                 <No ID Entered>,10/09/2022,12:22:03,12:22:23,      20,       0,       0,       0,       5,       0,       0,       0,       0
MOD,                 <No ID Entered>,10/09/2022,12:23:21,12:23:55,      34,       0,       0,       0,       5,       0,       0,       0,       0
MOD,                 <No ID Entered>,10/09/2022,12:25:19,12:25:46,      27,       0,       0,       0,       6,       0,       0,       0,       0
MOD,                 <No ID Entered>,10/09/2022,12:26:11,12:26:43,      32,       0,       0,       0,       4,       0,       0,       0,       0
MOD,                 <No ID Entered>,10/09/2022,12:28:29,12:28:48,      19,       0,       0,       0,       5,       0,       0,       0,       0
MOD,                 <No ID Entered>,10/09/2022,12:48:56,12:49:16,      20,       0,       0,       0,       5,       0,       0,       0,       0
MOD,                 <No ID Entered>,10/09/2022,12:49:57,12:50:20,      23,       0,       0,       0,      24,       0,       0,       0,       0
MOD,                 <No ID Entered>,10/09/2022,12:50:45,12:51:03,      18,       0,       0,       0,       4,       0,       0,       0,       0
MOD,                 <No ID Entered>,10/09/2022,13:03:14,13:03:27,      13,       0,       0,       0,      19,       0,       0,       0,       0
MOD,                 <No ID Entered>,10/09/2022,13:03:49,13:05:24,      95,       0,       0,       0,       5,       0,       0,       0,       0
MOD,                 <No ID Entered>,10/09/2022,13:06:50,13:07:09,      19,       0,       0,       0,      16,       0,       0,       0,       0
MOD,                 <No ID Entered>,10/09/2022,13:08:23,13:08:35,      12,       0,       0,       0,      18,       0,       0,       0,       0
MOD,                 <No ID Entered>,10/09/2022,13:10:53,13:11:48,      55,       0,       0,       0,       7,       0,       0,       0,       0
MOD,                 <No ID Entered>,10/09/2022,13:12:22,13:12:46,      24,       0,       0,       0,      19,       0,       0,       0,       0
MOD,                 <No ID Entered>,10/09/2022,13:13:11,13:14:14,      63,       0,       0,       0,       6,       0,       0,       0,       0
ADD,                 <No ID Entered>,10/09/2022,13:14:25,13:17:02,     157,       0,       0,       0,      21,       0,       0,       0,       0
MOD,                 <No ID Entered>,10/09/2022,13:41:07,13:41:56,      49,       0,       0,       0,       9,       0,       0,       0,       0
MOD,                 <No ID Entered>,10/09/2022,13:42:30,13:43:36,      66,       0,       0,       0,      21,       0,       0,       0,       0
MOD,                 <No ID Entered>,10/09/2022,13:45:18,13:46:58,     100,       0,       0,       0,      10,       0,       0,       0,       0
MOD,                 <No ID Entered>,10/09/2022,13:51:45,13:53:55,     130,       0,       0,       0,      28,       0,       0,       0,       0
MOD,                 <No ID Entered>,10/09/2022,13:55:52,14:00:50,     298,       0,       0,       0,      12,       0,       0,       0,       0
ADD,                 <No ID Entered>,10/09/2022,14:01:18,14:03:56,     158,       0,       0,       0,      13,       0,       0,       0,       0
MOD,                 <No ID Entered>,10/09/2022,14:04:30,14:04:49,      19,       0,       0,       0,       5,       0,       0,       0,       0
MOD,                 <No ID Entered>,10/09/2022,14:05:01,14:05:25,      24,       0,       0,       0,      20,       1,       0,       0,       0
MOD,                 <No ID Entered>,10/09/2022,14:05:37,14:06:15,      38,       0,       0,       0,      17,       0,       0,       0,       0
MOD,                 <No ID Entered>,10/09/2022,14:11:33,14:11:45,      12,       0,       0,       0,       7,       0,       0,       0,       0
ADD,                 <No ID Entered>,10/09/2022,14:33:33,14:34:11,      38,       0,       0,       0,      25,       0,       0,       0,       0
ADD,                 <No ID Entered>,10/09/2022,14:34:22,14:35:02,      40,       0,       0,       0,      14,       0,       0,       0,       0
ADD,                 <No ID Entered>,10/09/2022,14:35:14,14:36:27,      73,       0,       0,       0,      14,       0,       0,       0,       0
ADD,                 <No ID Entered>,10/09/2022,14:37:07,14:37:48,      41,       0,       1,       4,      29,       1,       0,       0,       0
MOD,                 <No ID Entered>,10/09/2022,14:39:10,14:39:34,      24,       0,       0,       0,      35,       0,       0,       0,       0
MOD,                 <No ID Entered>,10/09/2022,14:40:46,14:41:01,      15,       0,       0,       0,       9,       0,       0,       0,       0
MOD,                 <No ID Entered>,10/09/2022,14:47:39,14:48:03,      24,       0,       0,       0,       4,       0,       0,       0,       0
MOD,                 <No ID Entered>,10/09/2022,14:49:25,14:49:51,      26,       0,       0,       0,       5,       0,       0,       0,       0
MOD,                 <No ID Entered>,10/09/2022,14:50:38,14:51:23,      45,       0,       0,       0,       4,       0,       0,       0,       0
MOD,                 <No ID Entered>,10/09/2022,14:52:32,14:53:01,      29,       0,       0,       0,       5,       0,       0,       0,       0
MOD,                 <No ID Entered>,10/09/2022,14:56:37,14:56:58,      21,       0,       0,       0,       5,       0,       0,       0,       0
MOD,                 <No ID Entered>,10/09/2022,14:58:03,14:58:20,      17,       0,       0,       0,       5,       0,       0,       0,       0
MOD,                 <No ID Entered>,10/09/2022,15:00:34,15:01:05,      31,       0,       0,       0,      26,       0,       0,       0,       0
MOD,                 <No ID Entered>,10/09/2022,15:01:15,15:02:03,      48,       0,       0,       0,       6,       0,       0,       0,       0
MOD,                 <No ID Entered>,10/09/2022,15:02:19,15:02:40,      21,       0,       0,       0,       4,       0,       0,       0,       0
MOD,                 <No ID Entered>,10/09/2022,15:02:47,15:03:37,      50,       0,       0,       0,       4,       0,       0,       0,       0
MOD,                 <No ID Entered>,10/09/2022,15:06:24,15:07:01,      37,       0,       0,       0,       4,       0,       0,       0,       0
MOD,                 <No ID Entered>,10/09/2022,15:07:19,15:07:32,      13,       0,       0,       0,       4,       0,       0,       0,       0
ADD,                 <No ID Entered>,10/09/2022,15:07:45,15:09:49,     124,       0,       0,       0,      35,       0,       0,       0,       0
MOD,                 <No ID Entered>,10/09/2022,15:10:13,15:10:38,      25,       0,       0,       0,       6,       0,       0,       0,       0
MOD,                 <No ID Entered>,10/09/2022,15:11:08,15:11:30,      22,       0,       0,       0,       9,       0,       0,       0,       0
MOD,                 <No ID Entered>,10/09/2022,15:11:56,15:12:02,       6,       0,       0,       0,       6,       0,       0,       0,       0
MOD,                 <No ID Entered>,10/09/2022,15:12:09,15:14:54,     165,       0,       0,       0,      31,       0,       0,       0,       0
MOD,                 <No ID Entered>,10/09/2022,15:15:50,15:16:40,      50,       0,       0,       0,      25,       0,       0,       0,       0
MOD,                 <No ID Entered>,10/09/2022,15:19:37,15:19:54,      17,       0,       0,       0,      31,       0,       0,       0,       0
MOD,                 <No ID Entered>,10/09/2022,15:20:27,15:21:04,      37,       0,       0,       0,      13,       0,       0,       0,       0
MOD,                 <No ID Entered>,10/09/2022,15:21:10,15:22:17,      67,       0,       0,       0,      18,       0,       0,       0,       0
ADD,                 <No ID Entered>,10/09/2022,15:22:26,15:24:21,     115,       0,       0,       0,      60,       0,       0,       0,       0
MOD,                 <No ID Entered>,10/09/2022,15:25:18,15:26:00,      42,       0,       0,       0,       5,       0,       0,       0,       0
MOD,                 <No ID Entered>,10/09/2022,15:26:05,15:27:32,      87,       0,       0,       0,       7,       0,       0,       0,       0
ADD,                 <No ID Entered>,10/09/2022,15:27:43,15:34:24,     401,       0,       0,       0,     132,       0,       0,       0,       0
ADD,                 <No ID Entered>,10/09/2022,15:38:32,15:42:17,     225,       0,       0,       0,      83,       0,       0,       0,       0
MOD,                 <No ID Entered>,10/09/2022,15:42:26,15:43:22,      56,       0,       0,       0,      12,       0,       0,       0,       0
MOD,                 <No ID Entered>,10/09/2022,15:43:29,15:43:44,      15,       0,       0,       0,       4,       0,       0,       0,       0
MOD,                 <No ID Entered>,10/09/2022,16:21:10,16:23:42,     152,       0,       0,       0,      22,       0,       0,       0,       0
MOD,                 <No ID Entered>,10/09/2022,16:25:03,16:26:05,      62,       0,       0,       0,      13,       0,       0,       0,       0
MOD,                 <No ID Entered>,10/09/2022,16:26:35,16:27:57,      82,       0,       0,       0,      32,       0,       0,       0,       0
MOD,                 <No ID Entered>,10/09/2022,16:28:39,16:32:36,     237,       0,       0,       0,      18,       0,       0,       0,       0
MOD,                 <No ID Entered>,10/09/2022,16:33:19,16:37:54,     275,       0,       0,       0,      43,       0,       0,       0,       0
MOD,                 <No ID Entered>,10/09/2022,18:13:52,18:14:13,      21,       0,       0,       0,       4,       0,       0,       0,       0
MOD,                 <No ID Entered>,10/09/2022,18:14:23,18:18:29,     246,       0,       0,       0,      51,       0,       0,       0,       0
MOD,                 <No ID Entered>,10/09/2022,18:19:26,18:23:46,     260,       0,       0,       0,     104,       0,       0,       0,       0
MOD,                 <No ID Entered>,10/09/2022,18:24:14,18:25:54,     100,       0,       0,       0,      61,       0,       0,       0,       0
MOD,                 <No ID Entered>,10/09/2022,18:26:46,18:44:54,    1088,       0,       0,       0,     368,       1,       0,       0,       0
MOD,                 <No ID Entered>,10/09/2022,18:45:56,18:47:19,      83,       0,       0,       0,       4,       0,       0,       0,       0
MOD,                 <No ID Entered>,10/09/2022,18:49:36,18:51:16,     100,       0,       0,       0,      20,       0,       0,       0,       0
MOD,                 <No ID Entered>,10/09/2022,18:52:00,18:52:58,      58,       0,       0,       0,      18,       0,       0,       0,       0
MOD,                 <No ID Entered>,10/09/2022,18:53:21,18:54:25,      64,       0,       0,       0,      21,       0,       0,       0,       0
ADD,                 <No ID Entered>,10/09/2022,18:55:25,18:59:31,     246,       0,       0,       0,     212,       0,       0,       0,       0
MOD,                 <No ID Entered>,10/09/2022,19:01:05,19:02:06,      61,       0,       0,       0,       4,       0,       0,       0,       0
MOD,                 <No ID Entered>,10/09/2022,19:02:46,19:04:19,      93,       0,       0,       0,      17,       0,       0,       0,       0
MOD,                 <No ID Entered>,10/09/2022,19:04:43,19:05:45,      62,       0,       0,       0,       5,       0,       0,       0,       0
MOD,                 <No ID Entered>,10/09/2022,19:06:30,19:07:39,      69,       0,       0,       0,      10,       0,       0,       0,       0
MOD,                 <No ID Entered>,10/09/2022,19:08:42,19:09:27,      45,       0,       0,       0,       5,       0,       0,       0,       0
MOD,                 <No ID Entered>,10/09/2022,19:09:54,19:10:11,      17,       0,       0,       0,       4,       0,       0,       0,       0
MOD,                 <No ID Entered>,10/09/2022,19:11:14,19:11:33,      19,       0,       0,       0,       5,       0,       0,       0,       0
MOD,                 <No ID Entered>,10/09/2022,19:12:14,19:12:32,      18,       0,       0,       0,       5,       0,       0,       0,       0
MOD,                 <No ID Entered>,10/09/2022,19:13:04,19:13:22,      18,       0,       0,       0,       5,       0,       0,       0,       0
MOD,                 <No ID Entered>,10/09/2022,19:14:03,19:14:40,      37,       0,       0,       0,       4,       0,       0,       0,       0
MOD,                 <No ID Entered>,10/09/2022,19:15:28,19:15:51,      23,       0,       0,       0,       5,       0,       0,       0,       0
MOD,                 <No ID Entered>,10/09/2022,19:16:25,19:18:41,     136,       0,       0,       0,      31,       0,       0,       0,       0
MOD,                 <No ID Entered>,10/09/2022,19:20:34,19:21:09,      35,       0,       0,       0,       7,       0,       0,       0,       0
MOD,                 <No ID Entered>,10/09/2022,19:22:00,19:22:34,      34,       0,       0,       0,       5,       0,       0,       0,       0
MOD,                 <No ID Entered>,10/09/2022,19:24:39,19:27:15,     156,       0,       0,       0,       7,       0,       0,       0,       0
MOD,                 <No ID Entered>,10/09/2022,19:27:38,19:29:36,     118,       0,       0,       0,      20,       0,       0,       0,       0
MOD,                 <No ID Entered>,10/09/2022,19:31:26,19:33:19,     113,       0,       0,       0,       4,       0,       0,       0,       0
MOD,                 <No ID Entered>,10/09/2022,19:35:31,19:36:30,      59,       0,       0,       0,       5,       0,       0,       0,       0
MOD,                 <No ID Entered>,10/09/2022,19:37:48,19:38:16,      28,       0,       0,       0,       5,       0,       0,       0,       0
MOD,                 <No ID Entered>,10/09/2022,19:39:00,19:39:37,      37,       0,       0,       0,       5,       0,       0,       0,       0
ADD,                 <No ID Entered>,10/09/2022,19:40:04,19:40:42,      38,       0,       0,       0,      33,       0,       0,       0,       0
MOD,                 <No ID Entered>,10/09/2022,19:43:12,19:44:15,      63,       0,       0,       0,      27,       0,       0,       0,       0
ADD,                 <No ID Entered>,10/09/2022,19:45:51,19:50:32,     281,       0,       0,       0,     135,       0,       0,       0,       0
MOD,                 <No ID Entered>,10/09/2022,19:53:05,19:54:29,      84,       0,       0,       0,      26,       0,       0,       0,       0
MOD,                 <No ID Entered>,10/09/2022,19:54:45,19:56:45,     120,       0,       0,       0,      29,       0,       0,       0,       0
ADD,                 <No ID Entered>,10/09/2022,21:20:13,21:20:43,      30,       0,       0,       0,      14,       0,       0,       0,       0
ADD,                 <No ID Entered>,10/09/2022,21:26:40,21:29:42,     182,       0,       0,       0,      14,       0,       0,       0,       0
ADD,                 <No ID Entered>,10/09/2022,23:16:53,23:18:03,      70,       0,       0,       0,       5,       0,       0,       0,       0
MOD,                 <No ID Entered>,10/10/2022,06:12:32,06:12:46,      14,       0,       0,       0,       4,       0,       0,       0,       0
MOD,                 <No ID Entered>,10/10/2022,07:17:14,07:20:42,     208,       0,       0,       0,      13,       1,       0,       0,       0
MOD,                 <No ID Entered>,10/10/2022,07:22:44,07:24:24,     100,       0,       0,       0,       8,       1,       0,       0,       0
MOD,                 <No ID Entered>,10/10/2022,07:25:25,07:26:29,      64,       0,       0,       0,       8,       1,       0,       0,       0
ADD,                 <No ID Entered>,10/10/2022,07:27:05,07:28:07,      62,       0,       0,       0,      24,       0,       0,       0,       0
MOD,                 <No ID Entered>,10/10/2022,07:28:21,07:29:43,      82,       0,       0,       0,      18,       0,       0,       0,       0
ADD,                 <No ID Entered>,10/10/2022,07:41:03,07:41:10,       7,       0,       0,       0,       4,       0,       0,       0,       0
MOD,                 <No ID Entered>,10/10/2022,08:52:12,08:52:49,      37,       0,       0,       0,       3,       0,       0,       0,       0
MOD,                 <No ID Entered>,10/10/2022,09:35:21,09:38:39,     198,       0,       0,       0,      19,       0,       0,       0,       0
MOD,                 <No ID Entered>,10/10/2022,09:42:20,09:43:22,      62,       0,       0,       0,       9,       0,       0,       0,       0
MOD,                 <No ID Entered>,10/10/2022,09:44:48,09:46:04,      76,       0,       0,       0,       5,       0,       0,       0,       0
MOD,                 <No ID Entered>,10/10/2022,09:47:40,09:48:13,      33,       0,       0,       0,       3,       0,       0,       0,       0
MOD,                 <No ID Entered>,10/10/2022,09:48:30,09:49:50,      80,       0,       0,       0,       7,       0,       0,       0,       0
MOD,                 <No ID Entered>,10/10/2022,09:55:14,09:56:30,      76,       0,       0,       0,       7,       0,       0,       0,       0
MOD,                 <No ID Entered>,10/10/2022,10:08:02,10:08:54,      52,       0,       0,       0,       7,       0,       0,       0,       0
MOD,                 <No ID Entered>,10/10/2022,10:10:00,10:10:35,      35,       0,       0,       0,       7,       0,       0,       0,       0
MOD,                 <No ID Entered>,10/10/2022,10:23:37,10:25:14,      97,       0,       0,       0,      10,       2,       0,       0,       0
MOD,                 <No ID Entered>,10/10/2022,10:25:43,10:27:50,     127,       0,       0,       0,       8,       0,       0,       0,       0
MOD,                 <No ID Entered>,10/10/2022,10:27:54,10:28:36,      42,       0,       0,       0,       4,       0,       0,       0,       0
MOD,                 <No ID Entered>,10/10/2022,10:42:11,10:45:02,     171,       0,       0,       0,       8,       0,       0,       0,       0
MOD,                 <No ID Entered>,10/10/2022,13:29:51,13:30:54,      63,       0,       0,       0,      12,       0,       0,       0,       0
MOD,                 <No ID Entered>,10/10/2022,13:34:06,13:34:42,      36,       0,       0,       0,       4,       0,       0,       0,       0
MOD,                 <No ID Entered>,10/10/2022,13:57:56,13:59:07,      71,       0,       0,       0,       9,       0,       0,       0,       0
MOD,                 <No ID Entered>,10/10/2022,14:33:39,14:36:05,     146,       0,       0,       0,      16,       0,       0,       0,       0
MOD,                 <No ID Entered>,10/10/2022,16:22:43,16:23:32,      49,       0,       0,       0,       3,       0,       0,       0,       0
MOD,                 <No ID Entered>,10/13/2022,14:52:40,14:54:26,     106,       0,       0,       0,      26,       0,       0,       0,       0
MOD,                 <No ID Entered>,10/13/2022,15:02:30,15:03:43,      73,       0,       0,       0,       1,       0,       0,       0,       0
MOD,                 <No ID Entered>,10/19/2022,22:02:01,22:03:31,      90,       0,       0,       0,      76,       1,       0,       0,       0
MOD,                 <No ID Entered>,10/24/2022,15:13:16,15:14:12,      56,       0,       0,       0,       2,       2,       0,       0,       0
MOD,                 <No ID Entered>,10/24/2022,15:15:20,15:16:05,      45,       0,       0,       0,       3,       2,       0,       0,       0
MOD,                 <No ID Entered>,10/24/2022,15:17:03,15:17:34,      31,       0,       0,       0,       2,       1,       0,       0,       0
MOD,                 <No ID Entered>,10/24/2022,15:19:49,15:20:19,      30,       0,       0,       0,       2,       1,       0,       0,       0
MOD,                 <No ID Entered>,10/24/2022,15:21:37,15:22:41,      64,       0,       0,       0,       3,       2,       0,       0,       0
MOD,                 <No ID Entered>,10/24/2022,15:23:48,15:24:20,      32,       0,       0,       0,       3,       2,       0,       0,       0
MOD,                 <No ID Entered>,10/24/2022,15:31:23,15:31:45,      22,       0,       0,       0,       2,       1,       0,       0,       0
MOD,                 <No ID Entered>,10/24/2022,15:35:15,15:35:34,      19,       0,       0,       0,       2,       1,       0,       0,       0
ADD,                 <No ID Entered>,10/30/2022,00:57:32,00:57:50,      18,       0,       0,       0,      16,       0,       0,       0,       0
MOD,                 <No ID Entered>,11/01/2022,22:07:49,22:08:50,      61,       0,       0,       0,       7,       0,       0,       0,       0
